<?xml version="1.0" encoding="UTF-8"?>
<!-- Generated by org.testng.reporters.JUnitXMLReporter -->
<testsuite ignored="0" hostname="Macbook-Pro-2.local" failures="0" tests="5" name="Default test" time="41.911" errors="0" timestamp="2026-03-28T14:07:28 IST">
  <testcase classname="tests.LoginTest" name="InvalidPassword" time="1.352"/>
  <testcase classname="tests.LoginTest" name="InvalidUsername" time="4.193"/>
  <testcase classname="tests.LoginTest" name="blankInput" time="3.703"/>
  <testcase classname="tests.LoginTest" name="testLogout" time="5.469"/>
  <testcase classname="tests.LoginTest" name="verifyValidLogin" time="8.563"/>
</testsuite> <!-- Default test -->
