<?xml version="1.0" encoding="UTF-8"?>
<!-- Generated by org.testng.reporters.JUnitXMLReporter -->
<testsuite ignored="0" hostname="Macbook-Pro-2.local" failures="1" tests="47" name="Test" time="358.877" errors="0" timestamp="2026-03-28T14:18:40 IST">
  <testcase classname="tests.productTest" name="verifyAddToCartTrigger" time="1.094"/>
  <testcase classname="tests.productTest" name="verifyMultipleClicksAddToCart" time="1.829"/>
  <testcase classname="tests.productTest" name="verifyMultipleFilterNavigation" time="2.803"/>
  <testcase classname="tests.productTest" name="verifyMultipleProductNavigation" time="0.996"/>
  <testcase classname="tests.productTest" name="verifyNavigationToDetails" time="3.322"/>
  <testcase classname="tests.productTest" name="verifyProductDetailsDisplayed" time="0.587"/>
  <testcase classname="tests.productTest" name="verifyProductListing" time="5.957"/>
  <testcase classname="tests.productTest" name="verifyQuantitySelection" time="0.645"/>
  <testcase classname="tests.productTest" name="verifySingleFilter" time="2.398"/>
  <testcase classname="tests.MyAccountTest" name="OrdersDisplay" time="6.235"/>
  <testcase classname="tests.MyAccountTest" name="OrdersScroll" time="20.496"/>
  <testcase classname="tests.MyAccountTest" name="ViewDetails" time="5.204"/>
  <testcase classname="tests.MyAccountTest" name="billingAddressDisplay" time="5.116"/>
  <testcase classname="tests.MyAccountTest" name="myAccountPageNavigation" time="2.357"/>
  <testcase classname="tests.MyAccountTest" name="orderNumberDisplay" time="2.454"/>
  <testcase classname="tests.MyAccountTest" name="paymentDisplay" time="2.853"/>
  <testcase classname="tests.MyAccountTest" name="productNameDisplay" time="2.629"/>
  <testcase classname="tests.MyAccountTest" name="shippingAddressDisplay" time="2.538"/>
  <testcase classname="tests.HomePageTest" name="title" time="2.141"/>
  <testcase classname="tests.HomePageTest" name="verifyBlogNavigation" time="1.216"/>
  <testcase classname="tests.HomePageTest" name="verifyCartNavigation" time="0.551"/>
  <testcase classname="tests.HomePageTest" name="verifyLoginNavigation" time="0.697"/>
  <testcase classname="tests.HomePageTest" name="verifyLogoIsDisplayed" time="0.028"/>
  <testcase classname="tests.HomePageTest" name="verifyOurStoryNavigation" time="1.994"/>
  <testcase classname="tests.HomePageTest" name="verifyProductNavigation" time="2.172"/>
  <testcase classname="tests.ourstoryTest" name="verifyImageDisplayed" time="1.896"/>
  <testcase classname="tests.ourstoryTest" name="verifyOurStoryNavigation" time="2.107"/>
  <testcase classname="tests.ourstoryTest" name="verifyOurStoryTitle" time="4.011"/>
  <testcase classname="tests.ourstoryTest" name="verifyVideoDisplayed" time="2.005"/>
  <testcase classname="tests.cartTest" name="verifyCartPageDisplayed" time="1.701"/>
  <testcase classname="tests.cartTest" name="verifyMultipleProductsAdded" time="7.511"/>
  <testcase classname="tests.cartTest" name="verifyPlaceOrder" time="6.024">
    <failure type="java.lang.AssertionError" message="Order failed expected [true] but found [false]">
      <![CDATA[java.lang.AssertionError: Order failed expected [true] but found [false]
at tests.cartTest.verifyPlaceOrder(cartTest.java:78)
at java.base/java.util.ArrayList.forEach(ArrayList.java:1596)
... Removed 28 stack frames]]>
    </failure>
  </testcase> <!-- verifyPlaceOrder -->
  <testcase classname="tests.cartTest" name="verifyProductAddedToCart" time="1.591"/>
  <testcase classname="tests.cartTest" name="verifyRemoveProduct" time="2.04"/>
  <testcase classname="tests.blogTest" name="verifyBlogNavigation" time="1.254"/>
  <testcase classname="tests.blogTest" name="verifySearchEmpty" time="3.703"/>
  <testcase classname="tests.blogTest" name="verifySearchInvalid" time="1.7"/>
  <testcase classname="tests.blogTest" name="verifySearchValid" time="1.707"/>
  <testcase classname="tests.blogTest" name="verifyViewPostNavigation" time="1.787"/>
  <testcase classname="tests.LoginTest" name="InvalidPassword" time="4.1"/>
  <testcase classname="tests.LoginTest" name="InvalidUsername" time="1.106"/>
  <testcase classname="tests.LoginTest" name="blankInput" time="0.963"/>
  <testcase classname="tests.LoginTest" name="testLogout" time="2.756"/>
  <testcase classname="tests.LoginTest" name="verifyValidLogin" time="5.169"/>
  <testcase classname="tests.subsribeTest" name="subscribeWithEmptyEmail" time="0.459"/>
  <testcase classname="tests.subsribeTest" name="subscribeWithInvalidEmail" time="0.233"/>
  <testcase classname="tests.subsribeTest" name="subscribeWithValidEmail" time="2.437"/>
</testsuite> <!-- Test -->
