<?xml version="1.0" encoding="UTF-8"?>
<testng-results ignored="0" total="47" passed="46" failed="1" skipped="0">
  <reporter-output>
  </reporter-output>
  <suite started-at="2026-03-28T14:12:41 IST" name="Suite" finished-at="2026-03-28T14:18:40 IST" duration-ms="358877">
    <groups>
    </groups>
    <test started-at="2026-03-28T14:12:41 IST" name="Test" finished-at="2026-03-28T14:18:40 IST" duration-ms="358877">
      <class name="tests.LoginTest">
        <test-method is-config="true" signature="setup()[pri:0, instance:tests.LoginTest@2fd1731c]" started-at="2026-03-28T14:17:47 IST" name="setup" finished-at="2026-03-28T14:17:49 IST" duration-ms="2442" status="PASS">
          <reporter-output>
          </reporter-output>
        </test-method> <!-- setup -->
        <test-method signature="InvalidPassword()[pri:0, instance:tests.LoginTest@2fd1731c]" started-at="2026-03-28T14:17:49 IST" name="InvalidPassword" finished-at="2026-03-28T14:17:54 IST" duration-ms="4100" status="PASS">
          <reporter-output>
          </reporter-output>
        </test-method> <!-- InvalidPassword -->
        <test-method is-config="true" signature="tearDown()[pri:0, instance:tests.LoginTest@2fd1731c]" started-at="2026-03-28T14:17:54 IST" name="tearDown" finished-at="2026-03-28T14:17:54 IST" duration-ms="140" status="PASS">
          <reporter-output>
          </reporter-output>
        </test-method> <!-- tearDown -->
        <test-method is-config="true" signature="setup()[pri:0, instance:tests.LoginTest@2fd1731c]" started-at="2026-03-28T14:17:54 IST" name="setup" finished-at="2026-03-28T14:17:58 IST" duration-ms="4620" status="PASS">
          <reporter-output>
          </reporter-output>
        </test-method> <!-- setup -->
        <test-method signature="InvalidUsername()[pri:0, instance:tests.LoginTest@2fd1731c]" started-at="2026-03-28T14:17:58 IST" name="InvalidUsername" finished-at="2026-03-28T14:17:59 IST" duration-ms="1106" status="PASS">
          <reporter-output>
          </reporter-output>
        </test-method> <!-- InvalidUsername -->
        <test-method is-config="true" signature="tearDown()[pri:0, instance:tests.LoginTest@2fd1731c]" started-at="2026-03-28T14:17:59 IST" name="tearDown" finished-at="2026-03-28T14:18:00 IST" duration-ms="230" status="PASS">
          <reporter-output>
          </reporter-output>
        </test-method> <!-- tearDown -->
        <test-method is-config="true" signature="setup()[pri:0, instance:tests.LoginTest@2fd1731c]" started-at="2026-03-28T14:18:00 IST" name="setup" finished-at="2026-03-28T14:18:05 IST" duration-ms="5175" status="PASS">
          <reporter-output>
          </reporter-output>
        </test-method> <!-- setup -->
        <test-method signature="blankInput()[pri:0, instance:tests.LoginTest@2fd1731c]" started-at="2026-03-28T14:18:05 IST" name="blankInput" finished-at="2026-03-28T14:18:06 IST" duration-ms="963" status="PASS">
          <reporter-output>
          </reporter-output>
        </test-method> <!-- blankInput -->
        <test-method is-config="true" signature="tearDown()[pri:0, instance:tests.LoginTest@2fd1731c]" started-at="2026-03-28T14:18:06 IST" name="tearDown" finished-at="2026-03-28T14:18:06 IST" duration-ms="137" status="PASS">
          <reporter-output>
          </reporter-output>
        </test-method> <!-- tearDown -->
        <test-method is-config="true" signature="setup()[pri:0, instance:tests.LoginTest@2fd1731c]" started-at="2026-03-28T14:18:06 IST" name="setup" finished-at="2026-03-28T14:18:11 IST" duration-ms="5260" status="PASS">
          <reporter-output>
          </reporter-output>
        </test-method> <!-- setup -->
        <test-method signature="testLogout()[pri:0, instance:tests.LoginTest@2fd1731c]" started-at="2026-03-28T14:18:11 IST" name="testLogout" finished-at="2026-03-28T14:18:14 IST" duration-ms="2756" status="PASS">
          <reporter-output>
          </reporter-output>
        </test-method> <!-- testLogout -->
        <test-method is-config="true" signature="tearDown()[pri:0, instance:tests.LoginTest@2fd1731c]" started-at="2026-03-28T14:18:14 IST" name="tearDown" finished-at="2026-03-28T14:18:14 IST" duration-ms="243" status="PASS">
          <reporter-output>
          </reporter-output>
        </test-method> <!-- tearDown -->
        <test-method is-config="true" signature="setup()[pri:0, instance:tests.LoginTest@2fd1731c]" started-at="2026-03-28T14:18:14 IST" name="setup" finished-at="2026-03-28T14:18:17 IST" duration-ms="2847" status="PASS">
          <reporter-output>
          </reporter-output>
        </test-method> <!-- setup -->
        <test-method signature="verifyValidLogin()[pri:0, instance:tests.LoginTest@2fd1731c]" started-at="2026-03-28T14:18:17 IST" name="verifyValidLogin" finished-at="2026-03-28T14:18:22 IST" duration-ms="5169" status="PASS">
          <reporter-output>
          </reporter-output>
        </test-method> <!-- verifyValidLogin -->
        <test-method is-config="true" signature="tearDown()[pri:0, instance:tests.LoginTest@2fd1731c]" started-at="2026-03-28T14:18:22 IST" name="tearDown" finished-at="2026-03-28T14:18:22 IST" duration-ms="145" status="PASS">
          <reporter-output>
          </reporter-output>
        </test-method> <!-- tearDown -->
      </class> <!-- tests.LoginTest -->
      <class name="tests.productTest">
        <test-method is-config="true" signature="setup()[pri:0, instance:tests.productTest@644c78d4]" started-at="2026-03-28T14:12:41 IST" name="setup" finished-at="2026-03-28T14:12:49 IST" duration-ms="7737" status="PASS">
          <reporter-output>
          </reporter-output>
        </test-method> <!-- setup -->
        <test-method signature="verifyAddToCartTrigger()[pri:0, instance:tests.productTest@644c78d4]" started-at="2026-03-28T14:12:49 IST" name="verifyAddToCartTrigger" finished-at="2026-03-28T14:12:50 IST" duration-ms="1094" status="PASS">
          <reporter-output>
          </reporter-output>
        </test-method> <!-- verifyAddToCartTrigger -->
        <test-method is-config="true" signature="tearDown()[pri:0, instance:tests.productTest@644c78d4]" started-at="2026-03-28T14:12:50 IST" name="tearDown" finished-at="2026-03-28T14:12:50 IST" duration-ms="151" status="PASS">
          <reporter-output>
          </reporter-output>
        </test-method> <!-- tearDown -->
        <test-method is-config="true" signature="setup()[pri:0, instance:tests.productTest@644c78d4]" started-at="2026-03-28T14:12:50 IST" name="setup" finished-at="2026-03-28T14:12:56 IST" duration-ms="5100" status="PASS">
          <reporter-output>
          </reporter-output>
        </test-method> <!-- setup -->
        <test-method signature="verifyMultipleClicksAddToCart()[pri:0, instance:tests.productTest@644c78d4]" started-at="2026-03-28T14:12:56 IST" name="verifyMultipleClicksAddToCart" finished-at="2026-03-28T14:12:57 IST" duration-ms="1829" status="PASS">
          <reporter-output>
          </reporter-output>
        </test-method> <!-- verifyMultipleClicksAddToCart -->
        <test-method is-config="true" signature="tearDown()[pri:0, instance:tests.productTest@644c78d4]" started-at="2026-03-28T14:12:57 IST" name="tearDown" finished-at="2026-03-28T14:12:58 IST" duration-ms="200" status="PASS">
          <reporter-output>
          </reporter-output>
        </test-method> <!-- tearDown -->
        <test-method is-config="true" signature="setup()[pri:0, instance:tests.productTest@644c78d4]" started-at="2026-03-28T14:12:58 IST" name="setup" finished-at="2026-03-28T14:13:03 IST" duration-ms="5035" status="PASS">
          <reporter-output>
          </reporter-output>
        </test-method> <!-- setup -->
        <test-method signature="verifyMultipleFilterNavigation()[pri:0, instance:tests.productTest@644c78d4]" started-at="2026-03-28T14:13:03 IST" name="verifyMultipleFilterNavigation" finished-at="2026-03-28T14:13:05 IST" duration-ms="2803" status="PASS">
          <reporter-output>
          </reporter-output>
        </test-method> <!-- verifyMultipleFilterNavigation -->
        <test-method is-config="true" signature="tearDown()[pri:0, instance:tests.productTest@644c78d4]" started-at="2026-03-28T14:13:05 IST" name="tearDown" finished-at="2026-03-28T14:13:06 IST" duration-ms="150" status="PASS">
          <reporter-output>
          </reporter-output>
        </test-method> <!-- tearDown -->
        <test-method is-config="true" signature="setup()[pri:0, instance:tests.productTest@644c78d4]" started-at="2026-03-28T14:13:06 IST" name="setup" finished-at="2026-03-28T14:13:11 IST" duration-ms="5132" status="PASS">
          <reporter-output>
          </reporter-output>
        </test-method> <!-- setup -->
        <test-method signature="verifyMultipleProductNavigation()[pri:0, instance:tests.productTest@644c78d4]" started-at="2026-03-28T14:13:11 IST" name="verifyMultipleProductNavigation" finished-at="2026-03-28T14:13:12 IST" duration-ms="996" status="PASS">
          <reporter-output>
          </reporter-output>
        </test-method> <!-- verifyMultipleProductNavigation -->
        <test-method is-config="true" signature="tearDown()[pri:0, instance:tests.productTest@644c78d4]" started-at="2026-03-28T14:13:12 IST" name="tearDown" finished-at="2026-03-28T14:13:12 IST" duration-ms="128" status="PASS">
          <reporter-output>
          </reporter-output>
        </test-method> <!-- tearDown -->
        <test-method is-config="true" signature="setup()[pri:0, instance:tests.productTest@644c78d4]" started-at="2026-03-28T14:13:12 IST" name="setup" finished-at="2026-03-28T14:13:14 IST" duration-ms="2549" status="PASS">
          <reporter-output>
          </reporter-output>
        </test-method> <!-- setup -->
        <test-method signature="verifyNavigationToDetails()[pri:0, instance:tests.productTest@644c78d4]" started-at="2026-03-28T14:13:14 IST" name="verifyNavigationToDetails" finished-at="2026-03-28T14:13:18 IST" duration-ms="3322" status="PASS">
          <reporter-output>
          </reporter-output>
        </test-method> <!-- verifyNavigationToDetails -->
        <test-method is-config="true" signature="tearDown()[pri:0, instance:tests.productTest@644c78d4]" started-at="2026-03-28T14:13:18 IST" name="tearDown" finished-at="2026-03-28T14:13:18 IST" duration-ms="134" status="PASS">
          <reporter-output>
          </reporter-output>
        </test-method> <!-- tearDown -->
        <test-method is-config="true" signature="setup()[pri:0, instance:tests.productTest@644c78d4]" started-at="2026-03-28T14:13:18 IST" name="setup" finished-at="2026-03-28T14:13:24 IST" duration-ms="6210" status="PASS">
          <reporter-output>
          </reporter-output>
        </test-method> <!-- setup -->
        <test-method signature="verifyProductDetailsDisplayed()[pri:0, instance:tests.productTest@644c78d4]" started-at="2026-03-28T14:13:24 IST" name="verifyProductDetailsDisplayed" finished-at="2026-03-28T14:13:25 IST" duration-ms="587" status="PASS">
          <reporter-output>
          </reporter-output>
        </test-method> <!-- verifyProductDetailsDisplayed -->
        <test-method is-config="true" signature="tearDown()[pri:0, instance:tests.productTest@644c78d4]" started-at="2026-03-28T14:13:25 IST" name="tearDown" finished-at="2026-03-28T14:13:25 IST" duration-ms="151" status="PASS">
          <reporter-output>
          </reporter-output>
        </test-method> <!-- tearDown -->
        <test-method is-config="true" signature="setup()[pri:0, instance:tests.productTest@644c78d4]" started-at="2026-03-28T14:13:25 IST" name="setup" finished-at="2026-03-28T14:13:27 IST" duration-ms="2651" status="PASS">
          <reporter-output>
          </reporter-output>
        </test-method> <!-- setup -->
        <test-method signature="verifyProductListing()[pri:0, instance:tests.productTest@644c78d4]" started-at="2026-03-28T14:13:27 IST" name="verifyProductListing" finished-at="2026-03-28T14:13:33 IST" duration-ms="5957" status="PASS">
          <reporter-output>
          </reporter-output>
        </test-method> <!-- verifyProductListing -->
        <test-method is-config="true" signature="tearDown()[pri:0, instance:tests.productTest@644c78d4]" started-at="2026-03-28T14:13:33 IST" name="tearDown" finished-at="2026-03-28T14:13:34 IST" duration-ms="141" status="PASS">
          <reporter-output>
          </reporter-output>
        </test-method> <!-- tearDown -->
        <test-method is-config="true" signature="setup()[pri:0, instance:tests.productTest@644c78d4]" started-at="2026-03-28T14:13:34 IST" name="setup" finished-at="2026-03-28T14:13:39 IST" duration-ms="5084" status="PASS">
          <reporter-output>
          </reporter-output>
        </test-method> <!-- setup -->
        <test-method signature="verifyQuantitySelection()[pri:0, instance:tests.productTest@644c78d4]" started-at="2026-03-28T14:13:39 IST" name="verifyQuantitySelection" finished-at="2026-03-28T14:13:39 IST" duration-ms="645" status="PASS">
          <reporter-output>
          </reporter-output>
        </test-method> <!-- verifyQuantitySelection -->
        <test-method is-config="true" signature="tearDown()[pri:0, instance:tests.productTest@644c78d4]" started-at="2026-03-28T14:13:39 IST" name="tearDown" finished-at="2026-03-28T14:13:39 IST" duration-ms="135" status="PASS">
          <reporter-output>
          </reporter-output>
        </test-method> <!-- tearDown -->
        <test-method is-config="true" signature="setup()[pri:0, instance:tests.productTest@644c78d4]" started-at="2026-03-28T14:13:39 IST" name="setup" finished-at="2026-03-28T14:13:44 IST" duration-ms="4979" status="PASS">
          <reporter-output>
          </reporter-output>
        </test-method> <!-- setup -->
        <test-method signature="verifySingleFilter()[pri:0, instance:tests.productTest@644c78d4]" started-at="2026-03-28T14:13:44 IST" name="verifySingleFilter" finished-at="2026-03-28T14:13:47 IST" duration-ms="2398" status="PASS">
          <reporter-output>
          </reporter-output>
        </test-method> <!-- verifySingleFilter -->
        <test-method is-config="true" signature="tearDown()[pri:0, instance:tests.productTest@644c78d4]" started-at="2026-03-28T14:13:47 IST" name="tearDown" finished-at="2026-03-28T14:13:47 IST" duration-ms="136" status="PASS">
          <reporter-output>
          </reporter-output>
        </test-method> <!-- tearDown -->
      </class> <!-- tests.productTest -->
      <class name="tests.cartTest">
        <test-method is-config="true" signature="setup()[pri:0, instance:tests.cartTest@59fc684e]" started-at="2026-03-28T14:16:27 IST" name="setup" finished-at="2026-03-28T14:16:33 IST" duration-ms="5552" status="PASS">
          <reporter-output>
          </reporter-output>
        </test-method> <!-- setup -->
        <test-method signature="verifyCartPageDisplayed()[pri:0, instance:tests.cartTest@59fc684e]" started-at="2026-03-28T14:16:33 IST" name="verifyCartPageDisplayed" finished-at="2026-03-28T14:16:34 IST" duration-ms="1701" status="PASS">
          <reporter-output>
          </reporter-output>
        </test-method> <!-- verifyCartPageDisplayed -->
        <test-method is-config="true" signature="tearDown()[pri:0, instance:tests.cartTest@59fc684e]" started-at="2026-03-28T14:16:34 IST" name="tearDown" finished-at="2026-03-28T14:16:35 IST" duration-ms="185" status="PASS">
          <reporter-output>
          </reporter-output>
        </test-method> <!-- tearDown -->
        <test-method is-config="true" signature="setup()[pri:0, instance:tests.cartTest@59fc684e]" started-at="2026-03-28T14:16:35 IST" name="setup" finished-at="2026-03-28T14:16:37 IST" duration-ms="2626" status="PASS">
          <reporter-output>
          </reporter-output>
        </test-method> <!-- setup -->
        <test-method signature="verifyMultipleProductsAdded()[pri:0, instance:tests.cartTest@59fc684e]" started-at="2026-03-28T14:16:37 IST" name="verifyMultipleProductsAdded" finished-at="2026-03-28T14:16:45 IST" duration-ms="7511" status="PASS">
          <reporter-output>
          </reporter-output>
        </test-method> <!-- verifyMultipleProductsAdded -->
        <test-method is-config="true" signature="tearDown()[pri:0, instance:tests.cartTest@59fc684e]" started-at="2026-03-28T14:16:45 IST" name="tearDown" finished-at="2026-03-28T14:16:45 IST" duration-ms="302" status="PASS">
          <reporter-output>
          </reporter-output>
        </test-method> <!-- tearDown -->
        <test-method is-config="true" signature="setup()[pri:0, instance:tests.cartTest@59fc684e]" started-at="2026-03-28T14:16:45 IST" name="setup" finished-at="2026-03-28T14:16:50 IST" duration-ms="5015" status="PASS">
          <reporter-output>
          </reporter-output>
        </test-method> <!-- setup -->
        <test-method signature="verifyPlaceOrder()[pri:0, instance:tests.cartTest@59fc684e]" started-at="2026-03-28T14:16:50 IST" name="verifyPlaceOrder" finished-at="2026-03-28T14:16:56 IST" duration-ms="6024" status="FAIL">
          <exception class="java.lang.AssertionError">
            <message>
              <![CDATA[Order failed expected [true] but found [false]]]>
            </message>
            <full-stacktrace>
              <![CDATA[java.lang.AssertionError: Order failed expected [true] but found [false]
at org.testng.Assert.fail(Assert.java:111)
at org.testng.Assert.failNotEquals(Assert.java:1590)
at org.testng.Assert.assertTrue(Assert.java:57)
at tests.cartTest.verifyPlaceOrder(cartTest.java:78)
at java.base/jdk.internal.reflect.DirectMethodHandleAccessor.invoke(DirectMethodHandleAccessor.java:103)
at java.base/java.lang.reflect.Method.invoke(Method.java:580)
at org.testng.internal.invokers.MethodInvocationHelper.invokeMethod(MethodInvocationHelper.java:141)
at org.testng.internal.invokers.TestInvoker.invokeMethod(TestInvoker.java:687)
at org.testng.internal.invokers.TestInvoker.invokeTestMethod(TestInvoker.java:230)
at org.testng.internal.invokers.MethodRunner.runInSequence(MethodRunner.java:63)
at org.testng.internal.invokers.TestInvoker$MethodInvocationAgent.invoke(TestInvoker.java:995)
at org.testng.internal.invokers.TestInvoker.invokeTestMethods(TestInvoker.java:203)
at org.testng.internal.invokers.TestMethodWorker.invokeTestMethods(TestMethodWorker.java:154)
at org.testng.internal.invokers.TestMethodWorker.run(TestMethodWorker.java:134)
at java.base/java.util.ArrayList.forEach(ArrayList.java:1596)
at org.testng.TestRunner.privateRun(TestRunner.java:741)
at org.testng.TestRunner.run(TestRunner.java:616)
at org.testng.SuiteRunner.runTest(SuiteRunner.java:421)
at org.testng.SuiteRunner.runSequentially(SuiteRunner.java:413)
at org.testng.SuiteRunner.privateRun(SuiteRunner.java:373)
at org.testng.SuiteRunner.run(SuiteRunner.java:312)
at org.testng.SuiteRunnerWorker.runSuite(SuiteRunnerWorker.java:52)
at org.testng.SuiteRunnerWorker.run(SuiteRunnerWorker.java:95)
at org.testng.TestNG.runSuitesSequentially(TestNG.java:1274)
at org.testng.TestNG.runSuitesLocally(TestNG.java:1208)
at org.testng.TestNG.runSuites(TestNG.java:1112)
at org.testng.TestNG.run(TestNG.java:1079)
at org.testng.remote.AbstractRemoteTestNG.run(AbstractRemoteTestNG.java:115)
at org.testng.remote.RemoteTestNG.initAndRun(RemoteTestNG.java:293)
at org.testng.remote.RemoteTestNG.main(RemoteTestNG.java:91)
]]>
            </full-stacktrace>
          </exception> <!-- java.lang.AssertionError -->
          <reporter-output>
          </reporter-output>
        </test-method> <!-- verifyPlaceOrder -->
        <test-method is-config="true" signature="tearDown()[pri:0, instance:tests.cartTest@59fc684e]" started-at="2026-03-28T14:16:56 IST" name="tearDown" finished-at="2026-03-28T14:16:56 IST" duration-ms="143" status="PASS">
          <reporter-output>
          </reporter-output>
        </test-method> <!-- tearDown -->
        <test-method is-config="true" signature="setup()[pri:0, instance:tests.cartTest@59fc684e]" started-at="2026-03-28T14:16:56 IST" name="setup" finished-at="2026-03-28T14:17:05 IST" duration-ms="8757" status="PASS">
          <reporter-output>
          </reporter-output>
        </test-method> <!-- setup -->
        <test-method signature="verifyProductAddedToCart()[pri:0, instance:tests.cartTest@59fc684e]" started-at="2026-03-28T14:17:05 IST" name="verifyProductAddedToCart" finished-at="2026-03-28T14:17:07 IST" duration-ms="1591" status="PASS">
          <reporter-output>
          </reporter-output>
        </test-method> <!-- verifyProductAddedToCart -->
        <test-method is-config="true" signature="tearDown()[pri:0, instance:tests.cartTest@59fc684e]" started-at="2026-03-28T14:17:07 IST" name="tearDown" finished-at="2026-03-28T14:17:07 IST" duration-ms="245" status="PASS">
          <reporter-output>
          </reporter-output>
        </test-method> <!-- tearDown -->
        <test-method is-config="true" signature="setup()[pri:0, instance:tests.cartTest@59fc684e]" started-at="2026-03-28T14:17:07 IST" name="setup" finished-at="2026-03-28T14:17:11 IST" duration-ms="4667" status="PASS">
          <reporter-output>
          </reporter-output>
        </test-method> <!-- setup -->
        <test-method signature="verifyRemoveProduct()[pri:0, instance:tests.cartTest@59fc684e]" started-at="2026-03-28T14:17:11 IST" name="verifyRemoveProduct" finished-at="2026-03-28T14:17:13 IST" duration-ms="2040" status="PASS">
          <reporter-output>
          </reporter-output>
        </test-method> <!-- verifyRemoveProduct -->
        <test-method is-config="true" signature="tearDown()[pri:0, instance:tests.cartTest@59fc684e]" started-at="2026-03-28T14:17:13 IST" name="tearDown" finished-at="2026-03-28T14:17:14 IST" duration-ms="152" status="PASS">
          <reporter-output>
          </reporter-output>
        </test-method> <!-- tearDown -->
      </class> <!-- tests.cartTest -->
      <class name="tests.HomePageTest">
        <test-method is-config="true" signature="setup()[pri:0, instance:tests.HomePageTest@782a4fff]" started-at="2026-03-28T14:15:17 IST" name="setup" finished-at="2026-03-28T14:15:19 IST" duration-ms="2483" status="PASS">
          <reporter-output>
          </reporter-output>
        </test-method> <!-- setup -->
        <test-method signature="title()[pri:0, instance:tests.HomePageTest@782a4fff]" started-at="2026-03-28T14:15:19 IST" name="title" finished-at="2026-03-28T14:15:21 IST" duration-ms="2141" status="PASS">
          <reporter-output>
          </reporter-output>
        </test-method> <!-- title -->
        <test-method is-config="true" signature="tearDown()[pri:0, instance:tests.HomePageTest@782a4fff]" started-at="2026-03-28T14:15:21 IST" name="tearDown" finished-at="2026-03-28T14:15:21 IST" duration-ms="140" status="PASS">
          <reporter-output>
          </reporter-output>
        </test-method> <!-- tearDown -->
        <test-method is-config="true" signature="setup()[pri:0, instance:tests.HomePageTest@782a4fff]" started-at="2026-03-28T14:15:21 IST" name="setup" finished-at="2026-03-28T14:15:26 IST" duration-ms="4753" status="PASS">
          <reporter-output>
          </reporter-output>
        </test-method> <!-- setup -->
        <test-method signature="verifyBlogNavigation()[pri:0, instance:tests.HomePageTest@782a4fff]" started-at="2026-03-28T14:15:26 IST" name="verifyBlogNavigation" finished-at="2026-03-28T14:15:27 IST" duration-ms="1216" status="PASS">
          <reporter-output>
          </reporter-output>
        </test-method> <!-- verifyBlogNavigation -->
        <test-method is-config="true" signature="tearDown()[pri:0, instance:tests.HomePageTest@782a4fff]" started-at="2026-03-28T14:15:27 IST" name="tearDown" finished-at="2026-03-28T14:15:28 IST" duration-ms="296" status="PASS">
          <reporter-output>
          </reporter-output>
        </test-method> <!-- tearDown -->
        <test-method is-config="true" signature="setup()[pri:0, instance:tests.HomePageTest@782a4fff]" started-at="2026-03-28T14:15:28 IST" name="setup" finished-at="2026-03-28T14:15:33 IST" duration-ms="5170" status="PASS">
          <reporter-output>
          </reporter-output>
        </test-method> <!-- setup -->
        <test-method signature="verifyCartNavigation()[pri:0, instance:tests.HomePageTest@782a4fff]" started-at="2026-03-28T14:15:33 IST" name="verifyCartNavigation" finished-at="2026-03-28T14:15:33 IST" duration-ms="551" status="PASS">
          <reporter-output>
          </reporter-output>
        </test-method> <!-- verifyCartNavigation -->
        <test-method is-config="true" signature="tearDown()[pri:0, instance:tests.HomePageTest@782a4fff]" started-at="2026-03-28T14:15:33 IST" name="tearDown" finished-at="2026-03-28T14:15:33 IST" duration-ms="145" status="PASS">
          <reporter-output>
          </reporter-output>
        </test-method> <!-- tearDown -->
        <test-method is-config="true" signature="setup()[pri:0, instance:tests.HomePageTest@782a4fff]" started-at="2026-03-28T14:15:33 IST" name="setup" finished-at="2026-03-28T14:15:38 IST" duration-ms="4859" status="PASS">
          <reporter-output>
          </reporter-output>
        </test-method> <!-- setup -->
        <test-method signature="verifyLoginNavigation()[pri:0, instance:tests.HomePageTest@782a4fff]" started-at="2026-03-28T14:15:38 IST" name="verifyLoginNavigation" finished-at="2026-03-28T14:15:39 IST" duration-ms="697" status="PASS">
          <reporter-output>
          </reporter-output>
        </test-method> <!-- verifyLoginNavigation -->
        <test-method is-config="true" signature="tearDown()[pri:0, instance:tests.HomePageTest@782a4fff]" started-at="2026-03-28T14:15:39 IST" name="tearDown" finished-at="2026-03-28T14:15:39 IST" duration-ms="137" status="PASS">
          <reporter-output>
          </reporter-output>
        </test-method> <!-- tearDown -->
        <test-method is-config="true" signature="setup()[pri:0, instance:tests.HomePageTest@782a4fff]" started-at="2026-03-28T14:15:39 IST" name="setup" finished-at="2026-03-28T14:15:44 IST" duration-ms="4937" status="PASS">
          <reporter-output>
          </reporter-output>
        </test-method> <!-- setup -->
        <test-method signature="verifyLogoIsDisplayed()[pri:0, instance:tests.HomePageTest@782a4fff]" started-at="2026-03-28T14:15:44 IST" name="verifyLogoIsDisplayed" finished-at="2026-03-28T14:15:44 IST" duration-ms="28" status="PASS">
          <reporter-output>
          </reporter-output>
        </test-method> <!-- verifyLogoIsDisplayed -->
        <test-method is-config="true" signature="tearDown()[pri:0, instance:tests.HomePageTest@782a4fff]" started-at="2026-03-28T14:15:44 IST" name="tearDown" finished-at="2026-03-28T14:15:44 IST" duration-ms="138" status="PASS">
          <reporter-output>
          </reporter-output>
        </test-method> <!-- tearDown -->
        <test-method is-config="true" signature="setup()[pri:0, instance:tests.HomePageTest@782a4fff]" started-at="2026-03-28T14:15:44 IST" name="setup" finished-at="2026-03-28T14:15:50 IST" duration-ms="5350" status="PASS">
          <reporter-output>
          </reporter-output>
        </test-method> <!-- setup -->
        <test-method signature="verifyOurStoryNavigation()[pri:0, instance:tests.HomePageTest@782a4fff]" started-at="2026-03-28T14:15:50 IST" name="verifyOurStoryNavigation" finished-at="2026-03-28T14:15:52 IST" duration-ms="1994" status="PASS">
          <reporter-output>
          </reporter-output>
        </test-method> <!-- verifyOurStoryNavigation -->
        <test-method is-config="true" signature="tearDown()[pri:0, instance:tests.HomePageTest@782a4fff]" started-at="2026-03-28T14:15:52 IST" name="tearDown" finished-at="2026-03-28T14:15:52 IST" duration-ms="141" status="PASS">
          <reporter-output>
          </reporter-output>
        </test-method> <!-- tearDown -->
        <test-method is-config="true" signature="setup()[pri:0, instance:tests.HomePageTest@782a4fff]" started-at="2026-03-28T14:15:52 IST" name="setup" finished-at="2026-03-28T14:15:57 IST" duration-ms="4913" status="PASS">
          <reporter-output>
          </reporter-output>
        </test-method> <!-- setup -->
        <test-method signature="verifyProductNavigation()[pri:0, instance:tests.HomePageTest@782a4fff]" started-at="2026-03-28T14:15:57 IST" name="verifyProductNavigation" finished-at="2026-03-28T14:15:59 IST" duration-ms="2172" status="PASS">
          <reporter-output>
          </reporter-output>
        </test-method> <!-- verifyProductNavigation -->
        <test-method is-config="true" signature="tearDown()[pri:0, instance:tests.HomePageTest@782a4fff]" started-at="2026-03-28T14:15:59 IST" name="tearDown" finished-at="2026-03-28T14:15:59 IST" duration-ms="278" status="PASS">
          <reporter-output>
          </reporter-output>
        </test-method> <!-- tearDown -->
      </class> <!-- tests.HomePageTest -->
      <class name="tests.MyAccountTest">
        <test-method is-config="true" signature="setup()[pri:0, instance:tests.MyAccountTest@30ed9c6c]" started-at="2026-03-28T14:13:47 IST" name="setup" finished-at="2026-03-28T14:13:50 IST" duration-ms="2643" status="PASS">
          <reporter-output>
          </reporter-output>
        </test-method> <!-- setup -->
        <test-method signature="OrdersDisplay()[pri:0, instance:tests.MyAccountTest@30ed9c6c]" started-at="2026-03-28T14:13:50 IST" name="OrdersDisplay" finished-at="2026-03-28T14:13:56 IST" duration-ms="6235" status="PASS">
          <reporter-output>
          </reporter-output>
        </test-method> <!-- OrdersDisplay -->
        <test-method is-config="true" signature="tearDown()[pri:0, instance:tests.MyAccountTest@30ed9c6c]" started-at="2026-03-28T14:13:56 IST" name="tearDown" finished-at="2026-03-28T14:13:56 IST" duration-ms="133" status="PASS">
          <reporter-output>
          </reporter-output>
        </test-method> <!-- tearDown -->
        <test-method is-config="true" signature="setup()[pri:0, instance:tests.MyAccountTest@30ed9c6c]" started-at="2026-03-28T14:13:56 IST" name="setup" finished-at="2026-03-28T14:14:01 IST" duration-ms="5055" status="PASS">
          <reporter-output>
          </reporter-output>
        </test-method> <!-- setup -->
        <test-method signature="OrdersScroll()[pri:0, instance:tests.MyAccountTest@30ed9c6c]" started-at="2026-03-28T14:14:01 IST" name="OrdersScroll" finished-at="2026-03-28T14:14:22 IST" duration-ms="20496" status="PASS">
          <reporter-output>
          </reporter-output>
        </test-method> <!-- OrdersScroll -->
        <test-method is-config="true" signature="tearDown()[pri:0, instance:tests.MyAccountTest@30ed9c6c]" started-at="2026-03-28T14:14:22 IST" name="tearDown" finished-at="2026-03-28T14:14:22 IST" duration-ms="127" status="PASS">
          <reporter-output>
          </reporter-output>
        </test-method> <!-- tearDown -->
        <test-method is-config="true" signature="setup()[pri:0, instance:tests.MyAccountTest@30ed9c6c]" started-at="2026-03-28T14:14:22 IST" name="setup" finished-at="2026-03-28T14:14:24 IST" duration-ms="2781" status="PASS">
          <reporter-output>
          </reporter-output>
        </test-method> <!-- setup -->
        <test-method signature="ViewDetails()[pri:0, instance:tests.MyAccountTest@30ed9c6c]" started-at="2026-03-28T14:14:24 IST" name="ViewDetails" finished-at="2026-03-28T14:14:30 IST" duration-ms="5204" status="PASS">
          <reporter-output>
          </reporter-output>
        </test-method> <!-- ViewDetails -->
        <test-method is-config="true" signature="tearDown()[pri:0, instance:tests.MyAccountTest@30ed9c6c]" started-at="2026-03-28T14:14:30 IST" name="tearDown" finished-at="2026-03-28T14:14:30 IST" duration-ms="117" status="PASS">
          <reporter-output>
          </reporter-output>
        </test-method> <!-- tearDown -->
        <test-method is-config="true" signature="setup()[pri:0, instance:tests.MyAccountTest@30ed9c6c]" started-at="2026-03-28T14:14:30 IST" name="setup" finished-at="2026-03-28T14:14:32 IST" duration-ms="2594" status="PASS">
          <reporter-output>
          </reporter-output>
        </test-method> <!-- setup -->
        <test-method signature="billingAddressDisplay()[pri:0, instance:tests.MyAccountTest@30ed9c6c]" started-at="2026-03-28T14:14:32 IST" name="billingAddressDisplay" finished-at="2026-03-28T14:14:37 IST" duration-ms="5116" status="PASS">
          <reporter-output>
          </reporter-output>
        </test-method> <!-- billingAddressDisplay -->
        <test-method is-config="true" signature="tearDown()[pri:0, instance:tests.MyAccountTest@30ed9c6c]" started-at="2026-03-28T14:14:37 IST" name="tearDown" finished-at="2026-03-28T14:14:38 IST" duration-ms="113" status="PASS">
          <reporter-output>
          </reporter-output>
        </test-method> <!-- tearDown -->
        <test-method is-config="true" signature="setup()[pri:0, instance:tests.MyAccountTest@30ed9c6c]" started-at="2026-03-28T14:14:38 IST" name="setup" finished-at="2026-03-28T14:14:43 IST" duration-ms="4952" status="PASS">
          <reporter-output>
          </reporter-output>
        </test-method> <!-- setup -->
        <test-method signature="myAccountPageNavigation()[pri:0, instance:tests.MyAccountTest@30ed9c6c]" started-at="2026-03-28T14:14:43 IST" name="myAccountPageNavigation" finished-at="2026-03-28T14:14:45 IST" duration-ms="2357" status="PASS">
          <reporter-output>
          </reporter-output>
        </test-method> <!-- myAccountPageNavigation -->
        <test-method is-config="true" signature="tearDown()[pri:0, instance:tests.MyAccountTest@30ed9c6c]" started-at="2026-03-28T14:14:45 IST" name="tearDown" finished-at="2026-03-28T14:14:45 IST" duration-ms="140" status="PASS">
          <reporter-output>
          </reporter-output>
        </test-method> <!-- tearDown -->
        <test-method is-config="true" signature="setup()[pri:0, instance:tests.MyAccountTest@30ed9c6c]" started-at="2026-03-28T14:14:45 IST" name="setup" finished-at="2026-03-28T14:14:50 IST" duration-ms="5069" status="PASS">
          <reporter-output>
          </reporter-output>
        </test-method> <!-- setup -->
        <test-method signature="orderNumberDisplay()[pri:0, instance:tests.MyAccountTest@30ed9c6c]" started-at="2026-03-28T14:14:50 IST" name="orderNumberDisplay" finished-at="2026-03-28T14:14:53 IST" duration-ms="2454" status="PASS">
          <reporter-output>
          </reporter-output>
        </test-method> <!-- orderNumberDisplay -->
        <test-method is-config="true" signature="tearDown()[pri:0, instance:tests.MyAccountTest@30ed9c6c]" started-at="2026-03-28T14:14:53 IST" name="tearDown" finished-at="2026-03-28T14:14:53 IST" duration-ms="141" status="PASS">
          <reporter-output>
          </reporter-output>
        </test-method> <!-- tearDown -->
        <test-method is-config="true" signature="setup()[pri:0, instance:tests.MyAccountTest@30ed9c6c]" started-at="2026-03-28T14:14:53 IST" name="setup" finished-at="2026-03-28T14:14:58 IST" duration-ms="4893" status="PASS">
          <reporter-output>
          </reporter-output>
        </test-method> <!-- setup -->
        <test-method signature="paymentDisplay()[pri:0, instance:tests.MyAccountTest@30ed9c6c]" started-at="2026-03-28T14:14:58 IST" name="paymentDisplay" finished-at="2026-03-28T14:15:00 IST" duration-ms="2853" status="PASS">
          <reporter-output>
          </reporter-output>
        </test-method> <!-- paymentDisplay -->
        <test-method is-config="true" signature="tearDown()[pri:0, instance:tests.MyAccountTest@30ed9c6c]" started-at="2026-03-28T14:15:00 IST" name="tearDown" finished-at="2026-03-28T14:15:01 IST" duration-ms="147" status="PASS">
          <reporter-output>
          </reporter-output>
        </test-method> <!-- tearDown -->
        <test-method is-config="true" signature="setup()[pri:0, instance:tests.MyAccountTest@30ed9c6c]" started-at="2026-03-28T14:15:01 IST" name="setup" finished-at="2026-03-28T14:15:06 IST" duration-ms="5271" status="PASS">
          <reporter-output>
          </reporter-output>
        </test-method> <!-- setup -->
        <test-method signature="productNameDisplay()[pri:0, instance:tests.MyAccountTest@30ed9c6c]" started-at="2026-03-28T14:15:06 IST" name="productNameDisplay" finished-at="2026-03-28T14:15:08 IST" duration-ms="2629" status="PASS">
          <reporter-output>
          </reporter-output>
        </test-method> <!-- productNameDisplay -->
        <test-method is-config="true" signature="tearDown()[pri:0, instance:tests.MyAccountTest@30ed9c6c]" started-at="2026-03-28T14:15:08 IST" name="tearDown" finished-at="2026-03-28T14:15:09 IST" duration-ms="168" status="PASS">
          <reporter-output>
          </reporter-output>
        </test-method> <!-- tearDown -->
        <test-method is-config="true" signature="setup()[pri:0, instance:tests.MyAccountTest@30ed9c6c]" started-at="2026-03-28T14:15:09 IST" name="setup" finished-at="2026-03-28T14:15:14 IST" duration-ms="5192" status="PASS">
          <reporter-output>
          </reporter-output>
        </test-method> <!-- setup -->
        <test-method signature="shippingAddressDisplay()[pri:0, instance:tests.MyAccountTest@30ed9c6c]" started-at="2026-03-28T14:15:14 IST" name="shippingAddressDisplay" finished-at="2026-03-28T14:15:16 IST" duration-ms="2538" status="PASS">
          <reporter-output>
          </reporter-output>
        </test-method> <!-- shippingAddressDisplay -->
        <test-method is-config="true" signature="tearDown()[pri:0, instance:tests.MyAccountTest@30ed9c6c]" started-at="2026-03-28T14:15:16 IST" name="tearDown" finished-at="2026-03-28T14:15:17 IST" duration-ms="138" status="PASS">
          <reporter-output>
          </reporter-output>
        </test-method> <!-- tearDown -->
      </class> <!-- tests.MyAccountTest -->
      <class name="tests.ourstoryTest">
        <test-method is-config="true" signature="setup()[pri:0, instance:tests.ourstoryTest@46c670a6]" started-at="2026-03-28T14:15:59 IST" name="setup" finished-at="2026-03-28T14:16:04 IST" duration-ms="4881" status="PASS">
          <reporter-output>
          </reporter-output>
        </test-method> <!-- setup -->
        <test-method signature="verifyImageDisplayed()[pri:0, instance:tests.ourstoryTest@46c670a6]" started-at="2026-03-28T14:16:04 IST" name="verifyImageDisplayed" finished-at="2026-03-28T14:16:06 IST" duration-ms="1896" status="PASS">
          <reporter-output>
          </reporter-output>
        </test-method> <!-- verifyImageDisplayed -->
        <test-method is-config="true" signature="tearDown()[pri:0, instance:tests.ourstoryTest@46c670a6]" started-at="2026-03-28T14:16:06 IST" name="tearDown" finished-at="2026-03-28T14:16:06 IST" duration-ms="150" status="PASS">
          <reporter-output>
          </reporter-output>
        </test-method> <!-- tearDown -->
        <test-method is-config="true" signature="setup()[pri:0, instance:tests.ourstoryTest@46c670a6]" started-at="2026-03-28T14:16:06 IST" name="setup" finished-at="2026-03-28T14:16:11 IST" duration-ms="4986" status="PASS">
          <reporter-output>
          </reporter-output>
        </test-method> <!-- setup -->
        <test-method signature="verifyOurStoryNavigation()[pri:0, instance:tests.ourstoryTest@46c670a6]" started-at="2026-03-28T14:16:11 IST" name="verifyOurStoryNavigation" finished-at="2026-03-28T14:16:13 IST" duration-ms="2107" status="PASS">
          <reporter-output>
          </reporter-output>
        </test-method> <!-- verifyOurStoryNavigation -->
        <test-method is-config="true" signature="tearDown()[pri:0, instance:tests.ourstoryTest@46c670a6]" started-at="2026-03-28T14:16:13 IST" name="tearDown" finished-at="2026-03-28T14:16:13 IST" duration-ms="113" status="PASS">
          <reporter-output>
          </reporter-output>
        </test-method> <!-- tearDown -->
        <test-method is-config="true" signature="setup()[pri:0, instance:tests.ourstoryTest@46c670a6]" started-at="2026-03-28T14:16:13 IST" name="setup" finished-at="2026-03-28T14:16:16 IST" duration-ms="2561" status="PASS">
          <reporter-output>
          </reporter-output>
        </test-method> <!-- setup -->
        <test-method signature="verifyOurStoryTitle()[pri:0, instance:tests.ourstoryTest@46c670a6]" started-at="2026-03-28T14:16:16 IST" name="verifyOurStoryTitle" finished-at="2026-03-28T14:16:20 IST" duration-ms="4011" status="PASS">
          <reporter-output>
          </reporter-output>
        </test-method> <!-- verifyOurStoryTitle -->
        <test-method is-config="true" signature="tearDown()[pri:0, instance:tests.ourstoryTest@46c670a6]" started-at="2026-03-28T14:16:20 IST" name="tearDown" finished-at="2026-03-28T14:16:20 IST" duration-ms="234" status="PASS">
          <reporter-output>
          </reporter-output>
        </test-method> <!-- tearDown -->
        <test-method is-config="true" signature="setup()[pri:0, instance:tests.ourstoryTest@46c670a6]" started-at="2026-03-28T14:16:20 IST" name="setup" finished-at="2026-03-28T14:16:25 IST" duration-ms="4864" status="PASS">
          <reporter-output>
          </reporter-output>
        </test-method> <!-- setup -->
        <test-method signature="verifyVideoDisplayed()[pri:0, instance:tests.ourstoryTest@46c670a6]" started-at="2026-03-28T14:16:25 IST" name="verifyVideoDisplayed" finished-at="2026-03-28T14:16:27 IST" duration-ms="2005" status="PASS">
          <reporter-output>
          </reporter-output>
        </test-method> <!-- verifyVideoDisplayed -->
        <test-method is-config="true" signature="tearDown()[pri:0, instance:tests.ourstoryTest@46c670a6]" started-at="2026-03-28T14:16:27 IST" name="tearDown" finished-at="2026-03-28T14:16:27 IST" duration-ms="139" status="PASS">
          <reporter-output>
          </reporter-output>
        </test-method> <!-- tearDown -->
      </class> <!-- tests.ourstoryTest -->
      <class name="tests.blogTest">
        <test-method is-config="true" signature="setup()[pri:0, instance:tests.blogTest@5ae81e1]" started-at="2026-03-28T14:17:14 IST" name="setup" finished-at="2026-03-28T14:17:19 IST" duration-ms="5162" status="PASS">
          <reporter-output>
          </reporter-output>
        </test-method> <!-- setup -->
        <test-method signature="verifyBlogNavigation()[pri:0, instance:tests.blogTest@5ae81e1]" started-at="2026-03-28T14:17:19 IST" name="verifyBlogNavigation" finished-at="2026-03-28T14:17:20 IST" duration-ms="1254" status="PASS">
          <reporter-output>
          </reporter-output>
        </test-method> <!-- verifyBlogNavigation -->
        <test-method is-config="true" signature="tearDown()[pri:0, instance:tests.blogTest@5ae81e1]" started-at="2026-03-28T14:17:20 IST" name="tearDown" finished-at="2026-03-28T14:17:20 IST" duration-ms="128" status="PASS">
          <reporter-output>
          </reporter-output>
        </test-method> <!-- tearDown -->
        <test-method is-config="true" signature="setup()[pri:0, instance:tests.blogTest@5ae81e1]" started-at="2026-03-28T14:17:20 IST" name="setup" finished-at="2026-03-28T14:17:23 IST" duration-ms="2513" status="PASS">
          <reporter-output>
          </reporter-output>
        </test-method> <!-- setup -->
        <test-method signature="verifySearchEmpty()[pri:0, instance:tests.blogTest@5ae81e1]" started-at="2026-03-28T14:17:23 IST" name="verifySearchEmpty" finished-at="2026-03-28T14:17:26 IST" duration-ms="3703" status="PASS">
          <reporter-output>
          </reporter-output>
        </test-method> <!-- verifySearchEmpty -->
        <test-method is-config="true" signature="tearDown()[pri:0, instance:tests.blogTest@5ae81e1]" started-at="2026-03-28T14:17:26 IST" name="tearDown" finished-at="2026-03-28T14:17:27 IST" duration-ms="191" status="PASS">
          <reporter-output>
          </reporter-output>
        </test-method> <!-- tearDown -->
        <test-method is-config="true" signature="setup()[pri:0, instance:tests.blogTest@5ae81e1]" started-at="2026-03-28T14:17:27 IST" name="setup" finished-at="2026-03-28T14:17:32 IST" duration-ms="5068" status="PASS">
          <reporter-output>
          </reporter-output>
        </test-method> <!-- setup -->
        <test-method signature="verifySearchInvalid()[pri:0, instance:tests.blogTest@5ae81e1]" started-at="2026-03-28T14:17:32 IST" name="verifySearchInvalid" finished-at="2026-03-28T14:17:33 IST" duration-ms="1700" status="PASS">
          <reporter-output>
          </reporter-output>
        </test-method> <!-- verifySearchInvalid -->
        <test-method is-config="true" signature="tearDown()[pri:0, instance:tests.blogTest@5ae81e1]" started-at="2026-03-28T14:17:33 IST" name="tearDown" finished-at="2026-03-28T14:17:33 IST" duration-ms="142" status="PASS">
          <reporter-output>
          </reporter-output>
        </test-method> <!-- tearDown -->
        <test-method is-config="true" signature="setup()[pri:0, instance:tests.blogTest@5ae81e1]" started-at="2026-03-28T14:17:33 IST" name="setup" finished-at="2026-03-28T14:17:38 IST" duration-ms="4935" status="PASS">
          <reporter-output>
          </reporter-output>
        </test-method> <!-- setup -->
        <test-method signature="verifySearchValid()[pri:0, instance:tests.blogTest@5ae81e1]" started-at="2026-03-28T14:17:38 IST" name="verifySearchValid" finished-at="2026-03-28T14:17:40 IST" duration-ms="1707" status="PASS">
          <reporter-output>
          </reporter-output>
        </test-method> <!-- verifySearchValid -->
        <test-method is-config="true" signature="tearDown()[pri:0, instance:tests.blogTest@5ae81e1]" started-at="2026-03-28T14:17:40 IST" name="tearDown" finished-at="2026-03-28T14:17:40 IST" duration-ms="176" status="PASS">
          <reporter-output>
          </reporter-output>
        </test-method> <!-- tearDown -->
        <test-method is-config="true" signature="setup()[pri:0, instance:tests.blogTest@5ae81e1]" started-at="2026-03-28T14:17:40 IST" name="setup" finished-at="2026-03-28T14:17:45 IST" duration-ms="4774" status="PASS">
          <reporter-output>
          </reporter-output>
        </test-method> <!-- setup -->
        <test-method signature="verifyViewPostNavigation()[pri:0, instance:tests.blogTest@5ae81e1]" started-at="2026-03-28T14:17:45 IST" name="verifyViewPostNavigation" finished-at="2026-03-28T14:17:47 IST" duration-ms="1787" status="PASS">
          <reporter-output>
          </reporter-output>
        </test-method> <!-- verifyViewPostNavigation -->
        <test-method is-config="true" signature="tearDown()[pri:0, instance:tests.blogTest@5ae81e1]" started-at="2026-03-28T14:17:47 IST" name="tearDown" finished-at="2026-03-28T14:17:47 IST" duration-ms="131" status="PASS">
          <reporter-output>
          </reporter-output>
        </test-method> <!-- tearDown -->
      </class> <!-- tests.blogTest -->
      <class name="tests.subsribeTest">
        <test-method is-config="true" signature="setup()[pri:0, instance:tests.subsribeTest@5ae76500]" started-at="2026-03-28T14:18:22 IST" name="setup" finished-at="2026-03-28T14:18:28 IST" duration-ms="5590" status="PASS">
          <reporter-output>
          </reporter-output>
        </test-method> <!-- setup -->
        <test-method signature="subscribeWithEmptyEmail()[pri:0, instance:tests.subsribeTest@5ae76500]" started-at="2026-03-28T14:18:28 IST" name="subscribeWithEmptyEmail" finished-at="2026-03-28T14:18:28 IST" duration-ms="459" status="PASS">
          <reporter-output>
          </reporter-output>
        </test-method> <!-- subscribeWithEmptyEmail -->
        <test-method is-config="true" signature="tearDown()[pri:0, instance:tests.subsribeTest@5ae76500]" started-at="2026-03-28T14:18:28 IST" name="tearDown" finished-at="2026-03-28T14:18:29 IST" duration-ms="157" status="PASS">
          <reporter-output>
          </reporter-output>
        </test-method> <!-- tearDown -->
        <test-method is-config="true" signature="setup()[pri:0, instance:tests.subsribeTest@5ae76500]" started-at="2026-03-28T14:18:29 IST" name="setup" finished-at="2026-03-28T14:18:34 IST" duration-ms="5209" status="PASS">
          <reporter-output>
          </reporter-output>
        </test-method> <!-- setup -->
        <test-method signature="subscribeWithInvalidEmail()[pri:0, instance:tests.subsribeTest@5ae76500]" started-at="2026-03-28T14:18:34 IST" name="subscribeWithInvalidEmail" finished-at="2026-03-28T14:18:34 IST" duration-ms="233" status="PASS">
          <reporter-output>
          </reporter-output>
        </test-method> <!-- subscribeWithInvalidEmail -->
        <test-method is-config="true" signature="tearDown()[pri:0, instance:tests.subsribeTest@5ae76500]" started-at="2026-03-28T14:18:34 IST" name="tearDown" finished-at="2026-03-28T14:18:34 IST" duration-ms="181" status="PASS">
          <reporter-output>
          </reporter-output>
        </test-method> <!-- tearDown -->
        <test-method is-config="true" signature="setup()[pri:0, instance:tests.subsribeTest@5ae76500]" started-at="2026-03-28T14:18:34 IST" name="setup" finished-at="2026-03-28T14:18:38 IST" duration-ms="3546" status="PASS">
          <reporter-output>
          </reporter-output>
        </test-method> <!-- setup -->
        <test-method signature="subscribeWithValidEmail()[pri:0, instance:tests.subsribeTest@5ae76500]" started-at="2026-03-28T14:18:38 IST" name="subscribeWithValidEmail" finished-at="2026-03-28T14:18:40 IST" duration-ms="2437" status="PASS">
          <reporter-output>
          </reporter-output>
        </test-method> <!-- subscribeWithValidEmail -->
        <test-method is-config="true" signature="tearDown()[pri:0, instance:tests.subsribeTest@5ae76500]" started-at="2026-03-28T14:18:40 IST" name="tearDown" finished-at="2026-03-28T14:18:40 IST" duration-ms="137" status="PASS">
          <reporter-output>
          </reporter-output>
        </test-method> <!-- tearDown -->
      </class> <!-- tests.subsribeTest -->
    </test> <!-- Test -->
  </suite> <!-- Suite -->
</testng-results>
