<?xml version="1.0" encoding="UTF-8"?>
<!-- Generated by org.testng.reporters.JUnitReportReporter -->
<testsuite hostname="Macbook-Pro-2.local" failures="0" tests="4" name="tests.ourstoryTest" time="27.947" errors="0" timestamp="2026-03-28T14:18:41 IST" skipped="0">
  <testcase classname="tests.ourstoryTest" name="verifyOurStoryTitle" time="6.685"/>
  <testcase classname="tests.ourstoryTest" name="verifyVideoDisplayed" time="7.025"/>
  <testcase classname="tests.ourstoryTest" name="verifyOurStoryNavigation" time="7.243"/>
  <testcase classname="tests.ourstoryTest" name="verifyImageDisplayed" time="6.994"/>
</testsuite> <!-- tests.ourstoryTest -->
