<?xml version="1.0" encoding="UTF-8"?>
<!-- Generated by org.testng.reporters.JUnitReportReporter -->
<testsuite hostname="Macbook-Pro-2.local" failures="0" tests="3" name="tests.subsribeTest" time="17.949" errors="0" timestamp="2026-03-28T14:18:41 IST" skipped="0">
  <testcase classname="tests.subsribeTest" name="subscribeWithEmptyEmail" time="6.206"/>
  <testcase classname="tests.subsribeTest" name="subscribeWithInvalidEmail" time="3.916"/>
  <testcase classname="tests.subsribeTest" name="subscribeWithValidEmail" time="7.827"/>
</testsuite> <!-- tests.subsribeTest -->
