<?xml version="1.0" encoding="UTF-8"?>
<!-- Generated by org.testng.reporters.JUnitReportReporter -->
<testsuite hostname="Macbook-Pro-2.local" failures="0" tests="9" name="tests.productTest" time="65.434" errors="0" timestamp="2026-03-28T14:18:41 IST" skipped="0">
  <testcase classname="tests.productTest" name="verifyMultipleClicksAddToCart" time="7.048"/>
  <testcase classname="tests.productTest" name="verifyQuantitySelection" time="3.446"/>
  <testcase classname="tests.productTest" name="verifyAddToCartTrigger" time="6.394"/>
  <testcase classname="tests.productTest" name="verifyProductListing" time="12.318"/>
  <testcase classname="tests.productTest" name="verifyProductDetailsDisplayed" time="3.270"/>
  <testcase classname="tests.productTest" name="verifyMultipleProductNavigation" time="6.111"/>
  <testcase classname="tests.productTest" name="verifySingleFilter" time="7.574"/>
  <testcase classname="tests.productTest" name="verifyNavigationToDetails" time="11.187"/>
  <testcase classname="tests.productTest" name="verifyMultipleFilterNavigation" time="8.086"/>
</testsuite> <!-- tests.productTest -->
