<?xml version="1.0" encoding="UTF-8"?>
<!-- Generated by org.testng.reporters.JUnitReportReporter -->
<testsuite hostname="Macbook-Pro-2.local" failures="0" tests="5" name="tests.blogTest" time="33.371" errors="0" timestamp="2026-03-28T14:18:41 IST" skipped="0">
  <testcase classname="tests.blogTest" name="verifyViewPostNavigation" time="7.125"/>
  <testcase classname="tests.blogTest" name="verifyBlogNavigation" time="3.909"/>
  <testcase classname="tests.blogTest" name="verifySearchEmpty" time="8.902"/>
  <testcase classname="tests.blogTest" name="verifySearchValid" time="6.609"/>
  <testcase classname="tests.blogTest" name="verifySearchInvalid" time="6.826"/>
</testsuite> <!-- tests.blogTest -->
