<?xml version="1.0" encoding="UTF-8"?>
<!-- Generated by org.testng.reporters.JUnitReportReporter -->
<testsuite hostname="Macbook-Pro-2.local" failures="0" tests="5" name="tests.LoginTest" time="35.333" errors="0" timestamp="2026-03-28T14:18:41 IST" skipped="0">
  <testcase classname="tests.LoginTest" name="testLogout" time="7.606"/>
  <testcase classname="tests.LoginTest" name="verifyValidLogin" time="7.756"/>
  <testcase classname="tests.LoginTest" name="InvalidPassword" time="9.603"/>
  <testcase classname="tests.LoginTest" name="blankInput" time="3.947"/>
  <testcase classname="tests.LoginTest" name="InvalidUsername" time="6.421"/>
</testsuite> <!-- tests.LoginTest -->
