<?xml version="1.0" encoding="UTF-8"?>
<!-- Generated by org.testng.reporters.JUnitReportReporter -->
<testsuite hostname="Macbook-Pro-2.local" failures="0" tests="7" name="tests.HomePageTest" time="42.539" errors="0" timestamp="2026-03-28T14:18:41 IST" skipped="0">
  <testcase classname="tests.HomePageTest" name="verifyOurStoryNavigation" time="7.305"/>
  <testcase classname="tests.HomePageTest" name="verifyBlogNavigation" time="6.265"/>
  <testcase classname="tests.HomePageTest" name="title" time="7.199"/>
  <testcase classname="tests.HomePageTest" name="verifyCartNavigation" time="3.312"/>
  <testcase classname="tests.HomePageTest" name="verifyLogoIsDisplayed" time="5.027"/>
  <testcase classname="tests.HomePageTest" name="verifyProductNavigation" time="7.246"/>
  <testcase classname="tests.HomePageTest" name="verifyLoginNavigation" time="6.185"/>
</testsuite> <!-- tests.HomePageTest -->
