<?xml version="1.0" encoding="UTF-8"?>
<!-- Generated by org.testng.reporters.JUnitReportReporter -->
<testsuite hostname="Macbook-Pro-2.local" failures="0" tests="9" name="tests.MyAccountTest" time="89.556" errors="0" timestamp="2026-03-28T14:18:41 IST" skipped="0">
  <testcase classname="tests.MyAccountTest" name="OrdersScroll" time="23.258"/>
  <testcase classname="tests.MyAccountTest" name="shippingAddressDisplay" time="7.734"/>
  <testcase classname="tests.MyAccountTest" name="ViewDetails" time="10.588"/>
  <testcase classname="tests.MyAccountTest" name="myAccountPageNavigation" time="7.550"/>
  <testcase classname="tests.MyAccountTest" name="OrdersDisplay" time="11.261"/>
  <testcase classname="tests.MyAccountTest" name="orderNumberDisplay" time="7.553"/>
  <testcase classname="tests.MyAccountTest" name="productNameDisplay" time="7.938"/>
  <testcase classname="tests.MyAccountTest" name="billingAddressDisplay" time="7.899"/>
  <testcase classname="tests.MyAccountTest" name="paymentDisplay" time="5.775"/>
</testsuite> <!-- tests.MyAccountTest -->
